<?xml version="1.0" encoding="UTF-8"?>
<!-- Generated by org.testng.reporters.JUnitXMLReporter -->
<testsuite hostname="DESKTOP-6G4HCK3" name="Default test" tests="4" failures="0" timestamp="11 Dec 2018 18:39:20 GMT" time="0.043" errors="0">
  <testcase name="DIV" time="0.012" classname="com.learnautomation.slenium.DemoForMaven"/>
  <testcase name="Sub" time="0.002" classname="com.learnautomation.slenium.DemoForMaven"/>
  <testcase name="Sum" time="0.001" classname="com.learnautomation.slenium.DemoForMaven"/>
  <testcase name="testHello" time="0.003" classname="com.learnautomation.slenium.DemoForMaven"/>
</testsuite> <!-- Default test -->
